c:\users\j99lzt\source\repos\zh231222\x64\debug\vc143.pdb
c:\users\j99lzt\source\repos\zh231222\x64\debug\vc143.idb
c:\users\j99lzt\source\repos\zh231222\x64\debug\objparser.obj
c:\users\j99lzt\source\repos\zh231222\x64\debug\camera.obj
c:\users\j99lzt\source\repos\zh231222\x64\debug\glutils.obj
c:\users\j99lzt\source\repos\zh231222\x64\debug\main.obj
c:\users\j99lzt\source\repos\zh231222\x64\debug\sdl_gldebugmessagecallback.obj
c:\users\j99lzt\source\repos\zh231222\x64\debug\myapp.obj
c:\users\j99lzt\source\repos\zh231222\x64\debug\zh231222.exe
c:\users\j99lzt\source\repos\zh231222\x64\debug\zh231222.ilk
c:\users\j99lzt\source\repos\zh231222\x64\debug\zh231222.pdb
c:\users\j99lzt\source\repos\zh231222\x64\debug\glew32d.dll
c:\users\j99lzt\source\repos\zh231222\x64\debug\sdl2d.dll
c:\users\j99lzt\source\repos\zh231222\x64\debug\sdl2_imaged.dll
c:\users\j99lzt\source\repos\zh231222\x64\debug\jpeg62.dll
c:\users\j99lzt\source\repos\zh231222\x64\debug\libpng16d.dll
c:\users\j99lzt\source\repos\zh231222\x64\debug\zlibd1.dll
c:\users\j99lzt\source\repos\zh231222\x64\debug\zh231222.tlog\cl.command.1.tlog
c:\users\j99lzt\source\repos\zh231222\x64\debug\zh231222.tlog\cl.items.tlog
c:\users\j99lzt\source\repos\zh231222\x64\debug\zh231222.tlog\cl.read.1.tlog
c:\users\j99lzt\source\repos\zh231222\x64\debug\zh231222.tlog\cl.write.1.tlog
c:\users\j99lzt\source\repos\zh231222\x64\debug\zh231222.tlog\link.command.1.tlog
c:\users\j99lzt\source\repos\zh231222\x64\debug\zh231222.tlog\link.read.1.tlog
c:\users\j99lzt\source\repos\zh231222\x64\debug\zh231222.tlog\link.write.1.tlog
c:\users\j99lzt\source\repos\zh231222\x64\debug\zh231222.tlog\zh231222.write.1u.tlog
